<?xml version="1.0" encoding="UTF-8"?><testsuite errors="1" failures="0" name="Consult Joiners" skipped="0" tests="1" time="16.89" timestamp="2018-08-29T09:42:57.088-05:00[America/Bogota]"><testcase name="Go back to joiner manager interface"><error type="java.lang.NullPointerException"/><system-err>null&#13;
steps.ViewJoinerDetailsSteps.theJoinerIsCreated(ViewJoinerDetailsSteps.java:36)&#13;
✽.the joiner "Luis 2" is created(src/test/resources/viewJoinerDetails.feature:8)&#13;
</system-err></testcase></testsuite>